2022-11-30T00:13:39.499+07:00  INFO 4468 --- [main] hust.kien.project.AppTest                : Starting AppTest using Java 18 with PID 4468 (started by admin in D:\Studying\Code\Java\Project\Library\library)
2022-11-30T00:13:39.505+07:00  INFO 4468 --- [main] hust.kien.project.AppTest                : The following 1 profile is active: "dev"
2022-11-30T00:13:40.940+07:00  INFO 4468 --- [main] .s.d.r.c.RepositoryConfigurationDelegate : Bootstrapping Spring Data JPA repositories in DEFAULT mode.
2022-11-30T00:13:41.032+07:00  INFO 4468 --- [main] .s.d.r.c.RepositoryConfigurationDelegate : Finished Spring Data repository scanning in 80 ms. Found 8 JPA repository interfaces.
2022-11-30T00:13:41.596+07:00  INFO 4468 --- [main] com.zaxxer.hikari.HikariDataSource       : HikariPool-1 - Starting...
2022-11-30T00:13:41.805+07:00  INFO 4468 --- [main] com.zaxxer.hikari.pool.HikariPool        : HikariPool-1 - Added connection org.sqlite.jdbc4.JDBC4Connection@6056232d
2022-11-30T00:13:41.807+07:00  INFO 4468 --- [main] com.zaxxer.hikari.HikariDataSource       : HikariPool-1 - Start completed.
2022-11-30T00:13:41.870+07:00  INFO 4468 --- [main] o.hibernate.jpa.internal.util.LogHelper  : HHH000204: Processing PersistenceUnitInfo [name: default]
2022-11-30T00:13:41.941+07:00  INFO 4468 --- [main] org.hibernate.Version                    : HHH000412: Hibernate ORM core version 6.1.5.Final
2022-11-30T00:13:42.157+07:00  WARN 4468 --- [main] org.hibernate.orm.deprecation            : HHH90000021: Encountered deprecated setting [javax.persistence.sharedCache.mode], use [jakarta.persistence.sharedCache.mode] instead
2022-11-30T00:13:42.304+07:00  INFO 4468 --- [main] SQL dialect                              : HHH000400: Using dialect: org.hibernate.community.dialect.SQLiteDialect
2022-11-30T00:13:43.359+07:00  INFO 4468 --- [main] o.h.e.t.j.p.i.JtaPlatformInitiator       : HHH000490: Using JtaPlatform implementation: [org.hibernate.engine.transaction.jta.platform.internal.NoJtaPlatform]
2022-11-30T00:13:43.368+07:00  INFO 4468 --- [main] j.LocalContainerEntityManagerFactoryBean : Initialized JPA EntityManagerFactory for persistence unit 'default'
2022-11-30T00:13:43.995+07:00 TRACE 4468 --- [main] t.a.AnnotationTransactionAttributeSource : Adding transactional method 'hust.kien.project.service.internal.LibraryMetadataServiceImpl.getReference' with attribute: PROPAGATION_REQUIRES_NEW,ISOLATION_DEFAULT
2022-11-30T00:13:44.017+07:00 TRACE 4468 --- [main] t.a.AnnotationTransactionAttributeSource : Adding transactional method 'hust.kien.project.service.internal.LibraryMetadataServiceImpl.delete' with attribute: PROPAGATION_REQUIRES_NEW,ISOLATION_DEFAULT
2022-11-30T00:13:44.018+07:00 TRACE 4468 --- [main] t.a.AnnotationTransactionAttributeSource : Adding transactional method 'hust.kien.project.service.internal.LibraryMetadataServiceImpl.saveOrUpdate' with attribute: PROPAGATION_REQUIRES_NEW,ISOLATION_DEFAULT
2022-11-30T00:13:44.018+07:00 TRACE 4468 --- [main] t.a.AnnotationTransactionAttributeSource : Adding transactional method 'hust.kien.project.service.internal.LibraryMetadataServiceImpl.findAuthorByNameContains' with attribute: PROPAGATION_REQUIRES_NEW,ISOLATION_DEFAULT
2022-11-30T00:13:44.019+07:00 TRACE 4468 --- [main] t.a.AnnotationTransactionAttributeSource : Adding transactional method 'hust.kien.project.service.internal.LibraryMetadataServiceImpl.findBookByNameContains' with attribute: PROPAGATION_REQUIRES_NEW,ISOLATION_DEFAULT
2022-11-30T00:13:44.019+07:00 TRACE 4468 --- [main] t.a.AnnotationTransactionAttributeSource : Adding transactional method 'hust.kien.project.service.internal.LibraryMetadataServiceImpl.findGenreByNameContains' with attribute: PROPAGATION_REQUIRES_NEW,ISOLATION_DEFAULT
2022-11-30T00:13:44.020+07:00 TRACE 4468 --- [main] t.a.AnnotationTransactionAttributeSource : Adding transactional method 'hust.kien.project.service.internal.LibraryMetadataServiceImpl.dynamicFind' with attribute: PROPAGATION_REQUIRES_NEW,ISOLATION_DEFAULT
2022-11-30T00:13:44.034+07:00 TRACE 4468 --- [main] t.a.AnnotationTransactionAttributeSource : Adding transactional method 'hust.kien.project.service.internal.TicketServiceImpl.createActiveTicket' with attribute: PROPAGATION_REQUIRED,ISOLATION_DEFAULT
2022-11-30T00:13:44.036+07:00 TRACE 4468 --- [main] t.a.AnnotationTransactionAttributeSource : Adding transactional method 'hust.kien.project.service.internal.TicketServiceImpl.createActiveTicket' with attribute: PROPAGATION_REQUIRED,ISOLATION_DEFAULT
2022-11-30T00:13:44.036+07:00 TRACE 4468 --- [main] t.a.AnnotationTransactionAttributeSource : Adding transactional method 'hust.kien.project.service.internal.TicketServiceImpl.closeActiveTicket' with attribute: PROPAGATION_REQUIRED,ISOLATION_DEFAULT
2022-11-30T00:13:44.036+07:00 TRACE 4468 --- [main] t.a.AnnotationTransactionAttributeSource : Adding transactional method 'hust.kien.project.service.internal.TicketServiceImpl.deleteTicket' with attribute: PROPAGATION_REQUIRED,ISOLATION_DEFAULT
2022-11-30T00:13:44.037+07:00 TRACE 4468 --- [main] t.a.AnnotationTransactionAttributeSource : Adding transactional method 'hust.kien.project.service.internal.TicketServiceImpl.createClosedTicket' with attribute: PROPAGATION_REQUIRED,ISOLATION_DEFAULT
2022-11-30T00:13:44.052+07:00 TRACE 4468 --- [main] t.a.AnnotationTransactionAttributeSource : Adding transactional method 'hust.kien.project.service.internal.AccountingServiceImpl.income' with attribute: PROPAGATION_REQUIRED,ISOLATION_DEFAULT
2022-11-30T00:13:44.167+07:00  INFO 4468 --- [main] hust.kien.project.AppTest                : Started AppTest in 5.044 seconds (process running for 6.574)
2022-11-30T00:13:44.173+07:00 TRACE 4468 --- [main] o.s.t.i.TransactionInterceptor           : Getting transaction for [hust.kien.project.service.internal.LibraryMetadataServiceImpl.saveOrUpdate]
2022-11-30T00:13:44.177+07:00 TRACE 4468 --- [main] o.s.t.i.TransactionInterceptor           : Getting transaction for [org.springframework.data.jpa.repository.support.SimpleJpaRepository.save]
2022-11-30T00:13:44.294+07:00 TRACE 4468 --- [main] o.s.t.i.TransactionInterceptor           : Completing transaction for [org.springframework.data.jpa.repository.support.SimpleJpaRepository.save]
2022-11-30T00:13:44.294+07:00 TRACE 4468 --- [main] o.s.t.i.TransactionInterceptor           : Completing transaction for [hust.kien.project.service.internal.LibraryMetadataServiceImpl.saveOrUpdate]
2022-11-30T00:13:44.345+07:00 TRACE 4468 --- [main] o.s.t.i.TransactionInterceptor           : Getting transaction for [hust.kien.project.service.internal.LibraryMetadataServiceImpl.saveOrUpdate]
2022-11-30T00:13:44.346+07:00 TRACE 4468 --- [main] o.s.t.i.TransactionInterceptor           : Getting transaction for [org.springframework.data.jpa.repository.support.SimpleJpaRepository.save]
2022-11-30T00:13:44.383+07:00 TRACE 4468 --- [main] o.s.t.i.TransactionInterceptor           : Completing transaction for [org.springframework.data.jpa.repository.support.SimpleJpaRepository.save]
2022-11-30T00:13:44.383+07:00 TRACE 4468 --- [main] o.s.t.i.TransactionInterceptor           : Completing transaction for [hust.kien.project.service.internal.LibraryMetadataServiceImpl.saveOrUpdate]
2022-11-30T00:13:44.446+07:00 TRACE 4468 --- [main] o.s.t.i.TransactionInterceptor           : Getting transaction for [hust.kien.project.service.internal.LibraryMetadataServiceImpl.saveOrUpdate]
2022-11-30T00:13:44.446+07:00 TRACE 4468 --- [main] o.s.t.i.TransactionInterceptor           : Getting transaction for [org.springframework.data.jpa.repository.support.SimpleJpaRepository.save]
2022-11-30T00:13:44.502+07:00 TRACE 4468 --- [main] o.s.t.i.TransactionInterceptor           : Completing transaction for [org.springframework.data.jpa.repository.support.SimpleJpaRepository.save]
2022-11-30T00:13:44.502+07:00 TRACE 4468 --- [main] o.s.t.i.TransactionInterceptor           : Completing transaction for [hust.kien.project.service.internal.LibraryMetadataServiceImpl.saveOrUpdate]
2022-11-30T00:13:44.537+07:00 TRACE 4468 --- [main] o.s.t.i.TransactionInterceptor           : Getting transaction for [hust.kien.project.service.internal.LibraryMetadataServiceImpl.saveOrUpdate]
2022-11-30T00:13:44.537+07:00 TRACE 4468 --- [main] o.s.t.i.TransactionInterceptor           : Getting transaction for [org.springframework.data.jpa.repository.support.SimpleJpaRepository.save]
2022-11-30T00:13:44.571+07:00 TRACE 4468 --- [main] o.s.t.i.TransactionInterceptor           : Completing transaction for [org.springframework.data.jpa.repository.support.SimpleJpaRepository.save]
2022-11-30T00:13:44.571+07:00 TRACE 4468 --- [main] o.s.t.i.TransactionInterceptor           : Completing transaction for [hust.kien.project.service.internal.LibraryMetadataServiceImpl.saveOrUpdate]
2022-11-30T00:13:44.617+07:00 TRACE 4468 --- [main] o.s.t.i.TransactionInterceptor           : Getting transaction for [hust.kien.project.service.internal.LibraryMetadataServiceImpl.findAuthorByNameContains]
2022-11-30T00:13:44.618+07:00 TRACE 4468 --- [main] o.s.t.i.TransactionInterceptor           : No need to create transaction for [org.springframework.data.jpa.repository.support.SimpleJpaRepository.findByAuthorInfo_NameIgnoreCaseLike]: This method is not transactional.
2022-11-30T00:13:44.723+07:00 TRACE 4468 --- [main] o.s.t.i.TransactionInterceptor           : Completing transaction for [hust.kien.project.service.internal.LibraryMetadataServiceImpl.findAuthorByNameContains]
2022-11-30T00:13:44.725+07:00 TRACE 4468 --- [main] o.s.t.i.TransactionInterceptor           : Getting transaction for [hust.kien.project.service.internal.LibraryMetadataServiceImpl.findGenreByNameContains]
2022-11-30T00:13:44.725+07:00 TRACE 4468 --- [main] o.s.t.i.TransactionInterceptor           : No need to create transaction for [org.springframework.data.jpa.repository.support.SimpleJpaRepository.findByNameLikeIgnoreCase]: This method is not transactional.
2022-11-30T00:13:44.729+07:00 TRACE 4468 --- [main] o.s.t.i.TransactionInterceptor           : Completing transaction for [hust.kien.project.service.internal.LibraryMetadataServiceImpl.findGenreByNameContains]
2022-11-30T00:13:44.731+07:00 TRACE 4468 --- [main] o.s.t.i.TransactionInterceptor           : Getting transaction for [hust.kien.project.service.internal.LibraryMetadataServiceImpl.dynamicFind]
2022-11-30T00:13:44.733+07:00 TRACE 4468 --- [main] o.s.t.i.TransactionInterceptor           : Getting transaction for [org.springframework.data.jpa.repository.support.SimpleJpaRepository.findAll]
2022-11-30T00:13:44.750+07:00 TRACE 4468 --- [main] o.s.t.i.TransactionInterceptor           : Completing transaction for [org.springframework.data.jpa.repository.support.SimpleJpaRepository.findAll]
2022-11-30T00:13:44.750+07:00 TRACE 4468 --- [main] o.s.t.i.TransactionInterceptor           : Completing transaction for [hust.kien.project.service.internal.LibraryMetadataServiceImpl.dynamicFind]
2022-11-30T00:13:44.753+07:00 TRACE 4468 --- [main] o.s.t.i.TransactionInterceptor           : Getting transaction for [hust.kien.project.service.internal.LibraryMetadataServiceImpl.saveOrUpdate]
2022-11-30T00:13:44.753+07:00 TRACE 4468 --- [main] o.s.t.i.TransactionInterceptor           : Getting transaction for [org.springframework.data.jpa.repository.support.SimpleJpaRepository.save]
2022-11-30T00:13:44.762+07:00 TRACE 4468 --- [main] o.s.t.i.TransactionInterceptor           : Completing transaction for [org.springframework.data.jpa.repository.support.SimpleJpaRepository.save]
2022-11-30T00:13:44.762+07:00 TRACE 4468 --- [main] o.s.t.i.TransactionInterceptor           : Completing transaction for [hust.kien.project.service.internal.LibraryMetadataServiceImpl.saveOrUpdate]
2022-11-30T00:13:44.853+07:00 TRACE 4468 --- [main] o.s.t.i.TransactionInterceptor           : Getting transaction for [hust.kien.project.service.internal.LibraryMetadataServiceImpl.dynamicFind]
2022-11-30T00:13:44.853+07:00 TRACE 4468 --- [main] o.s.t.i.TransactionInterceptor           : Getting transaction for [org.springframework.data.jpa.repository.support.SimpleJpaRepository.findAll]
2022-11-30T00:13:44.861+07:00 TRACE 4468 --- [main] o.s.t.i.TransactionInterceptor           : Completing transaction for [org.springframework.data.jpa.repository.support.SimpleJpaRepository.findAll]
2022-11-30T00:13:44.861+07:00 TRACE 4468 --- [main] o.s.t.i.TransactionInterceptor           : Completing transaction for [hust.kien.project.service.internal.LibraryMetadataServiceImpl.dynamicFind]
2022-11-30T00:13:44.864+07:00 TRACE 4468 --- [main] o.s.t.i.TransactionInterceptor           : Getting transaction for [hust.kien.project.service.internal.TicketServiceImpl.createActiveTicket]
2022-11-30T00:13:44.865+07:00 TRACE 4468 --- [main] o.s.t.i.TransactionInterceptor           : Getting transaction for [hust.kien.project.service.internal.LibraryMetadataServiceImpl.saveOrUpdate]
2022-11-30T00:13:44.865+07:00 TRACE 4468 --- [main] o.s.t.i.TransactionInterceptor           : Getting transaction for [org.springframework.data.jpa.repository.support.SimpleJpaRepository.save]
2022-11-30T00:13:44.869+07:00 TRACE 4468 --- [main] o.s.t.i.TransactionInterceptor           : Completing transaction for [org.springframework.data.jpa.repository.support.SimpleJpaRepository.save]
2022-11-30T00:13:44.869+07:00 TRACE 4468 --- [main] o.s.t.i.TransactionInterceptor           : Completing transaction for [hust.kien.project.service.internal.LibraryMetadataServiceImpl.saveOrUpdate]
2022-11-30T00:13:44.909+07:00 TRACE 4468 --- [main] o.s.t.i.TransactionInterceptor           : Getting transaction for [hust.kien.project.service.internal.LibraryMetadataServiceImpl.saveOrUpdate]
2022-11-30T00:13:44.910+07:00 TRACE 4468 --- [main] o.s.t.i.TransactionInterceptor           : Getting transaction for [org.springframework.data.jpa.repository.support.SimpleJpaRepository.save]
2022-11-30T00:13:44.944+07:00 TRACE 4468 --- [main] o.s.t.i.TransactionInterceptor           : Completing transaction for [org.springframework.data.jpa.repository.support.SimpleJpaRepository.save]
2022-11-30T00:13:44.944+07:00 TRACE 4468 --- [main] o.s.t.i.TransactionInterceptor           : Completing transaction for [hust.kien.project.service.internal.LibraryMetadataServiceImpl.saveOrUpdate]
2022-11-30T00:13:44.977+07:00 TRACE 4468 --- [main] o.s.t.i.TransactionInterceptor           : Completing transaction for [hust.kien.project.service.internal.TicketServiceImpl.createActiveTicket]
2022-11-30T00:13:44.978+07:00 TRACE 4468 --- [main] o.s.t.i.TransactionInterceptor           : Getting transaction for [hust.kien.project.service.internal.TicketServiceImpl.createActiveTicket]
2022-11-30T00:13:44.978+07:00 TRACE 4468 --- [main] o.s.t.i.TransactionInterceptor           : Getting transaction for [hust.kien.project.service.internal.LibraryMetadataServiceImpl.saveOrUpdate]
2022-11-30T00:13:44.979+07:00 TRACE 4468 --- [main] o.s.t.i.TransactionInterceptor           : Getting transaction for [org.springframework.data.jpa.repository.support.SimpleJpaRepository.save]
2022-11-30T00:13:44.983+07:00 TRACE 4468 --- [main] o.s.t.i.TransactionInterceptor           : Completing transaction for [org.springframework.data.jpa.repository.support.SimpleJpaRepository.save]
2022-11-30T00:13:44.983+07:00 TRACE 4468 --- [main] o.s.t.i.TransactionInterceptor           : Completing transaction for [hust.kien.project.service.internal.LibraryMetadataServiceImpl.saveOrUpdate]
2022-11-30T00:13:45.022+07:00 TRACE 4468 --- [main] o.s.t.i.TransactionInterceptor           : Getting transaction for [hust.kien.project.service.internal.LibraryMetadataServiceImpl.saveOrUpdate]
2022-11-30T00:13:45.022+07:00 TRACE 4468 --- [main] o.s.t.i.TransactionInterceptor           : Getting transaction for [org.springframework.data.jpa.repository.support.SimpleJpaRepository.save]
2022-11-30T00:13:45.023+07:00 TRACE 4468 --- [main] o.s.t.i.TransactionInterceptor           : Completing transaction for [org.springframework.data.jpa.repository.support.SimpleJpaRepository.save]
2022-11-30T00:13:45.023+07:00 TRACE 4468 --- [main] o.s.t.i.TransactionInterceptor           : Completing transaction for [hust.kien.project.service.internal.LibraryMetadataServiceImpl.saveOrUpdate]
2022-11-30T00:13:45.145+07:00 TRACE 4468 --- [main] o.s.t.i.TransactionInterceptor           : Completing transaction for [hust.kien.project.service.internal.TicketServiceImpl.createActiveTicket]
2022-11-30T00:13:45.146+07:00  INFO 4468 --- [main] h.kien.project.controller.CliController  : Created active ticket
2022-11-30T00:13:45.146+07:00 TRACE 4468 --- [main] o.s.t.i.TransactionInterceptor           : Getting transaction for [hust.kien.project.service.internal.TicketServiceImpl.closeActiveTicket]
2022-11-30T00:13:45.147+07:00 TRACE 4468 --- [main] o.s.t.i.TransactionInterceptor           : Getting transaction for [hust.kien.project.service.internal.LibraryMetadataServiceImpl.saveOrUpdate]
2022-11-30T00:13:45.147+07:00 TRACE 4468 --- [main] o.s.t.i.TransactionInterceptor           : Getting transaction for [org.springframework.data.jpa.repository.support.SimpleJpaRepository.save]
2022-11-30T00:13:45.151+07:00 TRACE 4468 --- [main] o.s.t.i.TransactionInterceptor           : Completing transaction for [org.springframework.data.jpa.repository.support.SimpleJpaRepository.save]
2022-11-30T00:13:45.151+07:00 TRACE 4468 --- [main] o.s.t.i.TransactionInterceptor           : Completing transaction for [hust.kien.project.service.internal.LibraryMetadataServiceImpl.saveOrUpdate]
2022-11-30T00:13:45.179+07:00 TRACE 4468 --- [main] o.s.t.i.TransactionInterceptor           : Getting transaction for [hust.kien.project.service.internal.LibraryMetadataServiceImpl.delete]
2022-11-30T00:13:45.180+07:00 TRACE 4468 --- [main] o.s.t.i.TransactionInterceptor           : Getting transaction for [org.springframework.data.jpa.repository.support.SimpleJpaRepository.delete]
2022-11-30T00:13:45.185+07:00 TRACE 4468 --- [main] o.s.t.i.TransactionInterceptor           : Completing transaction for [org.springframework.data.jpa.repository.support.SimpleJpaRepository.delete]
2022-11-30T00:13:45.185+07:00 TRACE 4468 --- [main] o.s.t.i.TransactionInterceptor           : Completing transaction for [hust.kien.project.service.internal.LibraryMetadataServiceImpl.delete]
2022-11-30T00:13:45.224+07:00 TRACE 4468 --- [main] o.s.t.i.TransactionInterceptor           : Getting transaction for [hust.kien.project.service.internal.LibraryMetadataServiceImpl.saveOrUpdate]
2022-11-30T00:13:45.225+07:00 TRACE 4468 --- [main] o.s.t.i.TransactionInterceptor           : Getting transaction for [org.springframework.data.jpa.repository.support.SimpleJpaRepository.save]
2022-11-30T00:13:45.226+07:00 TRACE 4468 --- [main] o.s.t.i.TransactionInterceptor           : Completing transaction for [org.springframework.data.jpa.repository.support.SimpleJpaRepository.save]
2022-11-30T00:13:45.226+07:00 TRACE 4468 --- [main] o.s.t.i.TransactionInterceptor           : Completing transaction for [hust.kien.project.service.internal.LibraryMetadataServiceImpl.saveOrUpdate]
2022-11-30T00:13:45.258+07:00 TRACE 4468 --- [main] o.s.t.i.TransactionInterceptor           : Completing transaction for [hust.kien.project.service.internal.TicketServiceImpl.closeActiveTicket]
2022-11-30T00:13:45.491+07:00 TRACE 4468 --- [main] o.s.t.i.TransactionInterceptor           : Getting transaction for [hust.kien.project.service.internal.LibraryMetadataServiceImpl.saveOrUpdate]
2022-11-30T00:13:45.492+07:00 TRACE 4468 --- [main] o.s.t.i.TransactionInterceptor           : Getting transaction for [org.springframework.data.jpa.repository.support.SimpleJpaRepository.save]
2022-11-30T00:13:45.498+07:00 TRACE 4468 --- [main] o.s.t.i.TransactionInterceptor           : Completing transaction for [org.springframework.data.jpa.repository.support.SimpleJpaRepository.save]
2022-11-30T00:13:45.498+07:00 TRACE 4468 --- [main] o.s.t.i.TransactionInterceptor           : Completing transaction for [hust.kien.project.service.internal.LibraryMetadataServiceImpl.saveOrUpdate]
2022-11-30T00:13:45.561+07:00 TRACE 4468 --- [main] o.s.t.i.TransactionInterceptor           : Getting transaction for [hust.kien.project.service.internal.LibraryMetadataServiceImpl.dynamicFind]
2022-11-30T00:13:45.562+07:00 TRACE 4468 --- [main] o.s.t.i.TransactionInterceptor           : Getting transaction for [org.springframework.data.jpa.repository.support.SimpleJpaRepository.findAll]
2022-11-30T00:13:45.568+07:00 TRACE 4468 --- [main] o.s.t.i.TransactionInterceptor           : Completing transaction for [org.springframework.data.jpa.repository.support.SimpleJpaRepository.findAll]
2022-11-30T00:13:45.568+07:00 TRACE 4468 --- [main] o.s.t.i.TransactionInterceptor           : Completing transaction for [hust.kien.project.service.internal.LibraryMetadataServiceImpl.dynamicFind]
2022-11-30T00:13:45.610+07:00  INFO 4468 --- [SpringApplicationShutdownHook] j.LocalContainerEntityManagerFactoryBean : Closing JPA EntityManagerFactory for persistence unit 'default'
2022-11-30T00:13:45.617+07:00  INFO 4468 --- [SpringApplicationShutdownHook] com.zaxxer.hikari.HikariDataSource       : HikariPool-1 - Shutdown initiated...
2022-11-30T00:13:45.619+07:00  INFO 4468 --- [SpringApplicationShutdownHook] com.zaxxer.hikari.HikariDataSource       : HikariPool-1 - Shutdown completed.
2022-11-30T00:15:08.108+07:00  INFO 13568 --- [main] hust.kien.project.AppTest                : Starting AppTest using Java 18 with PID 13568 (started by admin in D:\Studying\Code\Java\Project\Library\library)
2022-11-30T00:15:08.110+07:00  INFO 13568 --- [main] hust.kien.project.AppTest                : The following 1 profile is active: "dev"
2022-11-30T00:15:08.482+07:00  INFO 13568 --- [main] .s.d.r.c.RepositoryConfigurationDelegate : Bootstrapping Spring Data JPA repositories in DEFAULT mode.
2022-11-30T00:15:08.558+07:00  INFO 13568 --- [main] .s.d.r.c.RepositoryConfigurationDelegate : Finished Spring Data repository scanning in 65 ms. Found 8 JPA repository interfaces.
2022-11-30T00:15:09.107+07:00  INFO 13568 --- [main] com.zaxxer.hikari.HikariDataSource       : HikariPool-1 - Starting...
2022-11-30T00:15:09.273+07:00  INFO 13568 --- [main] com.zaxxer.hikari.pool.HikariPool        : HikariPool-1 - Added connection org.sqlite.jdbc4.JDBC4Connection@123d7057
2022-11-30T00:15:09.275+07:00  INFO 13568 --- [main] com.zaxxer.hikari.HikariDataSource       : HikariPool-1 - Start completed.
2022-11-30T00:15:09.332+07:00  INFO 13568 --- [main] o.hibernate.jpa.internal.util.LogHelper  : HHH000204: Processing PersistenceUnitInfo [name: default]
2022-11-30T00:15:09.387+07:00  INFO 13568 --- [main] org.hibernate.Version                    : HHH000412: Hibernate ORM core version 6.1.5.Final
2022-11-30T00:15:09.545+07:00  WARN 13568 --- [main] org.hibernate.orm.deprecation            : HHH90000021: Encountered deprecated setting [javax.persistence.sharedCache.mode], use [jakarta.persistence.sharedCache.mode] instead
2022-11-30T00:15:09.680+07:00  INFO 13568 --- [main] SQL dialect                              : HHH000400: Using dialect: org.hibernate.community.dialect.SQLiteDialect
2022-11-30T00:15:10.627+07:00  INFO 13568 --- [main] o.h.e.t.j.p.i.JtaPlatformInitiator       : HHH000490: Using JtaPlatform implementation: [org.hibernate.engine.transaction.jta.platform.internal.NoJtaPlatform]
2022-11-30T00:15:10.635+07:00  INFO 13568 --- [main] j.LocalContainerEntityManagerFactoryBean : Initialized JPA EntityManagerFactory for persistence unit 'default'
2022-11-30T00:15:11.322+07:00  INFO 13568 --- [main] hust.kien.project.AppTest                : Started AppTest in 3.552 seconds (process running for 4.466)
2022-11-30T00:15:12.120+07:00  INFO 13568 --- [main] h.kien.project.controller.CliController  : Created active ticket
2022-11-30T00:15:12.589+07:00  INFO 13568 --- [SpringApplicationShutdownHook] j.LocalContainerEntityManagerFactoryBean : Closing JPA EntityManagerFactory for persistence unit 'default'
2022-11-30T00:15:12.596+07:00  INFO 13568 --- [SpringApplicationShutdownHook] com.zaxxer.hikari.HikariDataSource       : HikariPool-1 - Shutdown initiated...
2022-11-30T00:15:12.599+07:00  INFO 13568 --- [SpringApplicationShutdownHook] com.zaxxer.hikari.HikariDataSource       : HikariPool-1 - Shutdown completed.
